0 info it worked if it ends with ok
1 verbose cli [ 'C:\\Program Files\\nodejs\\node.exe',
1 verbose cli   'C:\\Program Files\\nodejs\\node_modules\\npm\\bin\\npm-cli.js',
1 verbose cli   'install' ]
2 info using npm@2.15.9
3 info using node@v4.6.1
4 verbose readDependencies loading dependencies from G:\My app Projects\ChatBotBuilder\ui-manager\package.json
5 warn package.json ui-manager@1.0.0 No repository field.
6 warn package.json ui-manager@1.0.0 No README data
7 verbose install where, deps [ 'G:\\My app Projects\\ChatBotBuilder\\ui-manager',
7 verbose install   [ 'angular',
7 verbose install     'angular-animate',
7 verbose install     'angular-aria',
7 verbose install     'angular-material',
7 verbose install     'angular-messages',
7 verbose install     'angular-moment',
7 verbose install     'angular-ui-router',
7 verbose install     'moment' ] ]
8 verbose install where, peers [ 'G:\\My app Projects\\ChatBotBuilder\\ui-manager', [] ]
9 verbose installManyTop reading for lifecycle G:\My app Projects\ChatBotBuilder\ui-manager\package.json
10 info preinstall ui-manager@1.0.0
11 verbose installManyTop reading scoped package data from G:\My app Projects\ChatBotBuilder\ui-manager\node_modules\angular\package.json
12 verbose installManyTop reading scoped package data from G:\My app Projects\ChatBotBuilder\ui-manager\node_modules\angular-animate\package.json
13 verbose installManyTop reading scoped package data from G:\My app Projects\ChatBotBuilder\ui-manager\node_modules\angular-aria\package.json
14 verbose installManyTop reading scoped package data from G:\My app Projects\ChatBotBuilder\ui-manager\node_modules\angular-google-gapi\package.json
15 verbose installManyTop reading scoped package data from G:\My app Projects\ChatBotBuilder\ui-manager\node_modules\angular-material\package.json
16 verbose installManyTop reading scoped package data from G:\My app Projects\ChatBotBuilder\ui-manager\node_modules\angular-messages\package.json
17 verbose installManyTop reading scoped package data from G:\My app Projects\ChatBotBuilder\ui-manager\node_modules\angular-moment\package.json
18 verbose installManyTop reading scoped package data from G:\My app Projects\ChatBotBuilder\ui-manager\node_modules\angular-ui-router\package.json
19 verbose installManyTop reading scoped package data from G:\My app Projects\ChatBotBuilder\ui-manager\node_modules\moment\package.json
20 info package.json angular-material@1.1.3 No license field.
21 info package.json angular-moment@0.6.2 No license field.
22 verbose readDependencies loading dependencies from G:\My app Projects\ChatBotBuilder\ui-manager\package.json
23 verbose targetResolver reading package data from G:\My app Projects\ChatBotBuilder\ui-manager\node_modules\angular\package.json
24 verbose targetResolver reading package data from G:\My app Projects\ChatBotBuilder\ui-manager\node_modules\angular-animate\package.json
25 verbose targetResolver reading package data from G:\My app Projects\ChatBotBuilder\ui-manager\node_modules\angular-aria\package.json
26 verbose targetResolver reading package data from G:\My app Projects\ChatBotBuilder\ui-manager\node_modules\angular-google-gapi\package.json
27 verbose targetResolver reading package data from G:\My app Projects\ChatBotBuilder\ui-manager\node_modules\angular-material\package.json
28 verbose targetResolver reading package data from G:\My app Projects\ChatBotBuilder\ui-manager\node_modules\angular-messages\package.json
29 verbose targetResolver reading package data from G:\My app Projects\ChatBotBuilder\ui-manager\node_modules\angular-moment\package.json
30 verbose targetResolver reading package data from G:\My app Projects\ChatBotBuilder\ui-manager\node_modules\angular-ui-router\package.json
31 verbose targetResolver reading package data from G:\My app Projects\ChatBotBuilder\ui-manager\node_modules\moment\package.json
32 verbose already installed skipping angular@^1.6.3 G:\My app Projects\ChatBotBuilder\ui-manager
33 verbose already installed skipping angular-aria@^1.6.3 G:\My app Projects\ChatBotBuilder\ui-manager
34 verbose already installed skipping angular-animate@^1.6.3 G:\My app Projects\ChatBotBuilder\ui-manager
35 verbose already installed skipping angular-material@^1.1.3 G:\My app Projects\ChatBotBuilder\ui-manager
36 verbose already installed skipping angular-messages@^1.6.3 G:\My app Projects\ChatBotBuilder\ui-manager
37 verbose already installed skipping angular-moment@^0.6.2 G:\My app Projects\ChatBotBuilder\ui-manager
38 verbose already installed skipping angular-ui-router@^0.4.2 G:\My app Projects\ChatBotBuilder\ui-manager
39 verbose already installed skipping moment@^2.18.1 G:\My app Projects\ChatBotBuilder\ui-manager
40 silly install resolved []
41 info build G:\My app Projects\ChatBotBuilder\ui-manager
42 info linkStuff ui-manager@1.0.0
43 silly linkStuff ui-manager@1.0.0 has G:\My app Projects\ChatBotBuilder as its parent node_modules
44 verbose linkBins ui-manager@1.0.0
45 verbose linkMans ui-manager@1.0.0
46 verbose rebuildBundles ui-manager@1.0.0
47 verbose rebuildBundles [ 'angular',
47 verbose rebuildBundles   'angular-animate',
47 verbose rebuildBundles   'angular-aria',
47 verbose rebuildBundles   'angular-google-gapi',
47 verbose rebuildBundles   'angular-material',
47 verbose rebuildBundles   'angular-messages',
47 verbose rebuildBundles   'angular-moment',
47 verbose rebuildBundles   'angular-ui-router',
47 verbose rebuildBundles   'moment' ]
48 verbose rebuild bundle G:\My app Projects\ChatBotBuilder\ui-manager\node_modules\angular-google-gapi
49 info build G:\My app Projects\ChatBotBuilder\ui-manager\node_modules\angular-google-gapi
50 info preinstall angular-google-gapi@1.0.1
51 info linkStuff angular-google-gapi@1.0.1
52 silly linkStuff angular-google-gapi@1.0.1 has G:\My app Projects\ChatBotBuilder\ui-manager\node_modules as its parent node_modules
53 verbose linkBins angular-google-gapi@1.0.1
54 verbose linkMans angular-google-gapi@1.0.1
55 verbose rebuildBundles angular-google-gapi@1.0.1
56 info install angular-google-gapi@1.0.1
57 info postinstall angular-google-gapi@1.0.1
58 info install ui-manager@1.0.0
59 info postinstall ui-manager@1.0.0
60 info prepublish ui-manager@1.0.0
61 verbose validateInstall loading G:\My app Projects\ChatBotBuilder\ui-manager\package.json for validation
62 verbose stack Error: The package angular@1.6.3 does not satisfy its siblings' peerDependencies requirements!
62 verbose stack     at C:\Program Files\nodejs\node_modules\npm\lib\install.js:125:32
62 verbose stack     at C:\Program Files\nodejs\node_modules\npm\lib\install.js:268:7
62 verbose stack     at C:\Program Files\nodejs\node_modules\npm\node_modules\read-installed\read-installed.js:142:5
62 verbose stack     at C:\Program Files\nodejs\node_modules\npm\node_modules\read-installed\read-installed.js:263:14
62 verbose stack     at cb (C:\Program Files\nodejs\node_modules\npm\node_modules\slide\lib\async-map.js:47:24)
62 verbose stack     at C:\Program Files\nodejs\node_modules\npm\node_modules\read-installed\read-installed.js:263:14
62 verbose stack     at asyncMap (C:\Program Files\nodejs\node_modules\npm\node_modules\slide\lib\async-map.js:27:18)
62 verbose stack     at next (C:\Program Files\nodejs\node_modules\npm\node_modules\read-installed\read-installed.js:234:5)
62 verbose stack     at C:\Program Files\nodejs\node_modules\npm\node_modules\read-installed\read-installed.js:167:12
62 verbose stack     at C:\Program Files\nodejs\node_modules\npm\node_modules\read-package-json\read-json.js:356:5
63 verbose cwd G:\My app Projects\ChatBotBuilder\ui-manager
64 error Windows_NT 6.3.9600
65 error argv "C:\\Program Files\\nodejs\\node.exe" "C:\\Program Files\\nodejs\\node_modules\\npm\\bin\\npm-cli.js" "install"
66 error node v4.6.1
67 error npm  v2.15.9
68 error code EPEERINVALID
69 error peerinvalid The package angular@1.6.3 does not satisfy its siblings' peerDependencies requirements!
69 error peerinvalid Peer angular-material@1.1.3 wants angular@>=1.3 <1.6
70 verbose exit [ 1, true ]
